This file contains any messages produced by compilers while
running configure, to aid debugging if configure makes a mistake.

It was created by inotify-tools configure 3.13, which was
generated by GNU Autoconf 2.61.  Invocation command line was

  $ ./configure 

## --------- ##
## Platform. ##
## --------- ##

hostname = leviathan
uname -m = x86_64
uname -r = 2.6.24-24-server
uname -s = Linux
uname -v = #1 SMP Wed Apr 15 15:41:09 UTC 2009

/usr/bin/uname -p = unknown
/bin/uname -X     = unknown

/bin/arch              = unknown
/usr/bin/arch -k       = unknown
/usr/convex/getsysinfo = unknown
/usr/bin/hostinfo      = unknown
/bin/machine           = unknown
/usr/bin/oslevel       = unknown
/bin/universe          = unknown

PATH: /usr/local/sbin
PATH: /usr/local/bin
PATH: /usr/sbin
PATH: /usr/bin
PATH: /sbin
PATH: /bin
PATH: /usr/games


## ----------- ##
## Core tests. ##
## ----------- ##

configure:1981: checking for a BSD-compatible install
configure:2037: result: /usr/bin/install -c
configure:2048: checking whether build environment is sane
configure:2091: result: yes
configure:2156: checking for gawk
configure:2186: result: no
configure:2156: checking for mawk
configure:2172: found /usr/bin/mawk
configure:2183: result: mawk
configure:2194: checking whether make sets $(MAKE)
configure:2215: result: yes
configure:2409: checking whether make sets $(MAKE)
configure:2430: result: yes
configure:2489: checking for gcc
configure:2505: found /usr/bin/gcc
configure:2516: result: gcc
configure:2754: checking for C compiler version
configure:2761: gcc --version >&5
gcc (GCC) 4.2.4 (Ubuntu 4.2.4-1ubuntu4)
Copyright (C) 2007 Free Software Foundation, Inc.
This is free software; see the source for copying conditions.  There is NO
warranty; not even for MERCHANTABILITY or FITNESS FOR A PARTICULAR PURPOSE.

configure:2764: $? = 0
configure:2771: gcc -v >&5
Using built-in specs.
Target: x86_64-linux-gnu
Configured with: ../src/configure -v --enable-languages=c,c++,fortran,objc,obj-c++,treelang --prefix=/usr --enable-shared --with-system-zlib --libexecdir=/usr/lib --without-included-gettext --enable-threads=posix --enable-nls --with-gxx-include-dir=/usr/include/c++/4.2 --program-suffix=-4.2 --enable-clocale=gnu --enable-libstdcxx-debug --enable-objc-gc --enable-mpfr --enable-checking=release --build=x86_64-linux-gnu --host=x86_64-linux-gnu --target=x86_64-linux-gnu
Thread model: posix
gcc version 4.2.4 (Ubuntu 4.2.4-1ubuntu4)
configure:2774: $? = 0
configure:2781: gcc -V >&5
gcc: '-V' option must have argument
configure:2784: $? = 1
configure:2807: checking for C compiler default output file name
configure:2834: gcc    conftest.c  >&5
configure:2837: $? = 0
configure:2875: result: a.out
configure:2892: checking whether the C compiler works
configure:2902: ./a.out
configure:2905: $? = 0
configure:2922: result: yes
configure:2929: checking whether we are cross compiling
configure:2931: result: no
configure:2934: checking for suffix of executables
configure:2941: gcc -o conftest    conftest.c  >&5
configure:2944: $? = 0
configure:2968: result: 
configure:2974: checking for suffix of object files
configure:3000: gcc -c   conftest.c >&5
configure:3003: $? = 0
configure:3026: result: o
configure:3030: checking whether we are using the GNU C compiler
configure:3059: gcc -c   conftest.c >&5
configure:3065: $? = 0
configure:3082: result: yes
configure:3087: checking whether gcc accepts -g
configure:3117: gcc -c -g  conftest.c >&5
configure:3123: $? = 0
configure:3222: result: yes
configure:3239: checking for gcc option to accept ISO C89
configure:3313: gcc  -c -g -O2  conftest.c >&5
configure:3319: $? = 0
configure:3342: result: none needed
configure:3371: checking for style of include used by make
configure:3399: result: GNU
configure:3427: checking dependency style of gcc
configure:3517: result: gcc3
configure:3612: checking build system type
configure:3630: result: x86_64-unknown-linux-gnu
configure:3652: checking host system type
configure:3667: result: x86_64-unknown-linux-gnu
configure:3689: checking for a sed that does not truncate output
configure:3745: result: /bin/sed
configure:3748: checking for grep that handles long lines and -e
configure:3822: result: /bin/grep
configure:3827: checking for egrep
configure:3905: result: /bin/grep -E
configure:3921: checking for ld used by gcc
configure:3988: result: /usr/bin/ld
configure:3997: checking if the linker (/usr/bin/ld) is GNU ld
configure:4012: result: yes
configure:4017: checking for /usr/bin/ld option to reload object files
configure:4024: result: -r
configure:4042: checking for BSD-compatible nm
configure:4091: result: /usr/bin/nm -B
configure:4095: checking whether ln -s works
configure:4099: result: yes
configure:4106: checking how to recognize dependent libraries
configure:4292: result: pass_all
configure:4381: gcc -c -g -O2  conftest.c >&5
configure:4384: $? = 0
configure:4533: checking how to run the C preprocessor
configure:4573: gcc -E  conftest.c
configure:4579: $? = 0
configure:4610: gcc -E  conftest.c
conftest.c:11:28: error: ac_nonexistent.h: No such file or directory
configure:4616: $? = 1
configure: failed program was:
| /* confdefs.h.  */
| #define PACKAGE_NAME "inotify-tools"
| #define PACKAGE_TARNAME "inotify-tools"
| #define PACKAGE_VERSION "3.13"
| #define PACKAGE_STRING "inotify-tools 3.13"
| #define PACKAGE_BUGREPORT "rohan@mcgovern.id.au"
| #define PACKAGE "inotify-tools"
| #define VERSION "3.13"
| #define _GNU_SOURCE
| /* end confdefs.h.  */
| #include <ac_nonexistent.h>
configure:4649: result: gcc -E
configure:4678: gcc -E  conftest.c
configure:4684: $? = 0
configure:4715: gcc -E  conftest.c
conftest.c:11:28: error: ac_nonexistent.h: No such file or directory
configure:4721: $? = 1
configure: failed program was:
| /* confdefs.h.  */
| #define PACKAGE_NAME "inotify-tools"
| #define PACKAGE_TARNAME "inotify-tools"
| #define PACKAGE_VERSION "3.13"
| #define PACKAGE_STRING "inotify-tools 3.13"
| #define PACKAGE_BUGREPORT "rohan@mcgovern.id.au"
| #define PACKAGE "inotify-tools"
| #define VERSION "3.13"
| #define _GNU_SOURCE
| /* end confdefs.h.  */
| #include <ac_nonexistent.h>
configure:4759: checking for ANSI C header files
configure:4789: gcc -c -g -O2  conftest.c >&5
configure:4795: $? = 0
configure:4894: gcc -o conftest -g -O2   conftest.c  >&5
configure:4897: $? = 0
configure:4903: ./conftest
configure:4906: $? = 0
configure:4923: result: yes
configure:4947: checking for sys/types.h
configure:4968: gcc -c -g -O2  conftest.c >&5
configure:4974: $? = 0
configure:4990: result: yes
configure:4947: checking for sys/stat.h
configure:4968: gcc -c -g -O2  conftest.c >&5
configure:4974: $? = 0
configure:4990: result: yes
configure:4947: checking for stdlib.h
configure:4968: gcc -c -g -O2  conftest.c >&5
configure:4974: $? = 0
configure:4990: result: yes
configure:4947: checking for string.h
configure:4968: gcc -c -g -O2  conftest.c >&5
configure:4974: $? = 0
configure:4990: result: yes
configure:4947: checking for memory.h
configure:4968: gcc -c -g -O2  conftest.c >&5
configure:4974: $? = 0
configure:4990: result: yes
configure:4947: checking for strings.h
configure:4968: gcc -c -g -O2  conftest.c >&5
configure:4974: $? = 0
configure:4990: result: yes
configure:4947: checking for inttypes.h
configure:4968: gcc -c -g -O2  conftest.c >&5
configure:4974: $? = 0
configure:4990: result: yes
configure:4947: checking for stdint.h
configure:4968: gcc -c -g -O2  conftest.c >&5
configure:4974: $? = 0
configure:4990: result: yes
configure:4947: checking for unistd.h
configure:4968: gcc -c -g -O2  conftest.c >&5
configure:4974: $? = 0
configure:4990: result: yes
configure:5017: checking dlfcn.h usability
configure:5034: gcc -c -g -O2  conftest.c >&5
configure:5040: $? = 0
configure:5054: result: yes
configure:5058: checking dlfcn.h presence
configure:5073: gcc -E  conftest.c
configure:5079: $? = 0
configure:5093: result: yes
configure:5126: checking for dlfcn.h
configure:5134: result: yes
configure:5205: checking for g++
configure:5221: found /usr/bin/g++
configure:5232: result: g++
configure:5263: checking for C++ compiler version
configure:5270: g++ --version >&5
g++ (GCC) 4.2.4 (Ubuntu 4.2.4-1ubuntu4)
Copyright (C) 2007 Free Software Foundation, Inc.
This is free software; see the source for copying conditions.  There is NO
warranty; not even for MERCHANTABILITY or FITNESS FOR A PARTICULAR PURPOSE.

configure:5273: $? = 0
configure:5280: g++ -v >&5
Using built-in specs.
Target: x86_64-linux-gnu
Configured with: ../src/configure -v --enable-languages=c,c++,fortran,objc,obj-c++,treelang --prefix=/usr --enable-shared --with-system-zlib --libexecdir=/usr/lib --without-included-gettext --enable-threads=posix --enable-nls --with-gxx-include-dir=/usr/include/c++/4.2 --program-suffix=-4.2 --enable-clocale=gnu --enable-libstdcxx-debug --enable-objc-gc --enable-mpfr --enable-checking=release --build=x86_64-linux-gnu --host=x86_64-linux-gnu --target=x86_64-linux-gnu
Thread model: posix
gcc version 4.2.4 (Ubuntu 4.2.4-1ubuntu4)
configure:5283: $? = 0
configure:5290: g++ -V >&5
g++: '-V' option must have argument
configure:5293: $? = 1
configure:5296: checking whether we are using the GNU C++ compiler
configure:5325: g++ -c   conftest.cpp >&5
conftest.cpp:9:1: warning: "_GNU_SOURCE" redefined
<command-line>: warning: this is the location of the previous definition
configure:5331: $? = 0
configure:5348: result: yes
configure:5353: checking whether g++ accepts -g
configure:5383: g++ -c -g  conftest.cpp >&5
conftest.cpp:9:1: warning: "_GNU_SOURCE" redefined
<command-line>: warning: this is the location of the previous definition
configure:5389: $? = 0
configure: failed program was:
| /* confdefs.h.  */
| #define PACKAGE_NAME "inotify-tools"
| #define PACKAGE_TARNAME "inotify-tools"
| #define PACKAGE_VERSION "3.13"
| #define PACKAGE_STRING "inotify-tools 3.13"
| #define PACKAGE_BUGREPORT "rohan@mcgovern.id.au"
| #define PACKAGE "inotify-tools"
| #define VERSION "3.13"
| #define _GNU_SOURCE
| #define STDC_HEADERS 1
| #define HAVE_SYS_TYPES_H 1
| #define HAVE_SYS_STAT_H 1
| #define HAVE_STDLIB_H 1
| #define HAVE_STRING_H 1
| #define HAVE_MEMORY_H 1
| #define HAVE_STRINGS_H 1
| #define HAVE_INTTYPES_H 1
| #define HAVE_STDINT_H 1
| #define HAVE_UNISTD_H 1
| #define HAVE_DLFCN_H 1
| /* end confdefs.h.  */
| 
| int
| main ()
| {
| 
|   ;
|   return 0;
| }
configure:5421: g++ -c   conftest.cpp >&5
conftest.cpp:9:1: warning: "_GNU_SOURCE" redefined
<command-line>: warning: this is the location of the previous definition
configure:5427: $? = 0
configure: failed program was:
| /* confdefs.h.  */
| #define PACKAGE_NAME "inotify-tools"
| #define PACKAGE_TARNAME "inotify-tools"
| #define PACKAGE_VERSION "3.13"
| #define PACKAGE_STRING "inotify-tools 3.13"
| #define PACKAGE_BUGREPORT "rohan@mcgovern.id.au"
| #define PACKAGE "inotify-tools"
| #define VERSION "3.13"
| #define _GNU_SOURCE
| #define STDC_HEADERS 1
| #define HAVE_SYS_TYPES_H 1
| #define HAVE_SYS_STAT_H 1
| #define HAVE_STDLIB_H 1
| #define HAVE_STRING_H 1
| #define HAVE_MEMORY_H 1
| #define HAVE_STRINGS_H 1
| #define HAVE_INTTYPES_H 1
| #define HAVE_STDINT_H 1
| #define HAVE_UNISTD_H 1
| #define HAVE_DLFCN_H 1
| /* end confdefs.h.  */
| 
| int
| main ()
| {
| 
|   ;
|   return 0;
| }
configure:5460: g++ -c -g  conftest.cpp >&5
conftest.cpp:9:1: warning: "_GNU_SOURCE" redefined
<command-line>: warning: this is the location of the previous definition
configure:5466: $? = 0
configure:5488: result: yes
configure:5513: checking dependency style of g++
configure:5603: result: gcc3
configure:5630: checking how to run the C++ preprocessor
configure:5666: g++ -E  conftest.cpp
conftest.cpp:9:1: warning: "_GNU_SOURCE" redefined
<command-line>: warning: this is the location of the previous definition
configure:5672: $? = 0
configure:5703: g++ -E  conftest.cpp
conftest.cpp:9:1: warning: "_GNU_SOURCE" redefined
<command-line>: warning: this is the location of the previous definition
conftest.cpp:22:28: error: ac_nonexistent.h: No such file or directory
configure:5709: $? = 1
configure: failed program was:
| /* confdefs.h.  */
| #define PACKAGE_NAME "inotify-tools"
| #define PACKAGE_TARNAME "inotify-tools"
| #define PACKAGE_VERSION "3.13"
| #define PACKAGE_STRING "inotify-tools 3.13"
| #define PACKAGE_BUGREPORT "rohan@mcgovern.id.au"
| #define PACKAGE "inotify-tools"
| #define VERSION "3.13"
| #define _GNU_SOURCE
| #define STDC_HEADERS 1
| #define HAVE_SYS_TYPES_H 1
| #define HAVE_SYS_STAT_H 1
| #define HAVE_STDLIB_H 1
| #define HAVE_STRING_H 1
| #define HAVE_MEMORY_H 1
| #define HAVE_STRINGS_H 1
| #define HAVE_INTTYPES_H 1
| #define HAVE_STDINT_H 1
| #define HAVE_UNISTD_H 1
| #define HAVE_DLFCN_H 1
| /* end confdefs.h.  */
| #include <ac_nonexistent.h>
configure:5742: result: g++ -E
configure:5771: g++ -E  conftest.cpp
conftest.cpp:9:1: warning: "_GNU_SOURCE" redefined
<command-line>: warning: this is the location of the previous definition
configure:5777: $? = 0
configure:5808: g++ -E  conftest.cpp
conftest.cpp:9:1: warning: "_GNU_SOURCE" redefined
<command-line>: warning: this is the location of the previous definition
conftest.cpp:22:28: error: ac_nonexistent.h: No such file or directory
configure:5814: $? = 1
configure: failed program was:
| /* confdefs.h.  */
| #define PACKAGE_NAME "inotify-tools"
| #define PACKAGE_TARNAME "inotify-tools"
| #define PACKAGE_VERSION "3.13"
| #define PACKAGE_STRING "inotify-tools 3.13"
| #define PACKAGE_BUGREPORT "rohan@mcgovern.id.au"
| #define PACKAGE "inotify-tools"
| #define VERSION "3.13"
| #define _GNU_SOURCE
| #define STDC_HEADERS 1
| #define HAVE_SYS_TYPES_H 1
| #define HAVE_SYS_STAT_H 1
| #define HAVE_STDLIB_H 1
| #define HAVE_STRING_H 1
| #define HAVE_MEMORY_H 1
| #define HAVE_STRINGS_H 1
| #define HAVE_INTTYPES_H 1
| #define HAVE_STDINT_H 1
| #define HAVE_UNISTD_H 1
| #define HAVE_DLFCN_H 1
| /* end confdefs.h.  */
| #include <ac_nonexistent.h>
configure:5907: checking for g77
configure:5937: result: no
configure:5907: checking for xlf
configure:5937: result: no
configure:5907: checking for f77
configure:5937: result: no
configure:5907: checking for frt
configure:5937: result: no
configure:5907: checking for pgf77
configure:5937: result: no
configure:5907: checking for cf77
configure:5937: result: no
configure:5907: checking for fort77
configure:5937: result: no
configure:5907: checking for fl32
configure:5937: result: no
configure:5907: checking for af77
configure:5937: result: no
configure:5907: checking for xlf90
configure:5937: result: no
configure:5907: checking for f90
configure:5937: result: no
configure:5907: checking for pgf90
configure:5937: result: no
configure:5907: checking for pghpf
configure:5937: result: no
configure:5907: checking for epcf90
configure:5937: result: no
configure:5907: checking for gfortran
configure:5937: result: no
configure:5907: checking for g95
configure:5937: result: no
configure:5907: checking for xlf95
configure:5937: result: no
configure:5907: checking for f95
configure:5937: result: no
configure:5907: checking for fort
configure:5937: result: no
configure:5907: checking for ifort
configure:5937: result: no
configure:5907: checking for ifc
configure:5937: result: no
configure:5907: checking for efc
configure:5937: result: no
configure:5907: checking for pgf95
configure:5937: result: no
configure:5907: checking for lf95
configure:5937: result: no
configure:5907: checking for ftn
configure:5937: result: no
configure:5964: checking for Fortran 77 compiler version
configure:5971:  --version >&5
./configure: line 5972: --version: command not found
configure:5974: $? = 127
configure:5981:  -v >&5
./configure: line 5982: -v: command not found
configure:5984: $? = 127
configure:5991:  -V >&5
./configure: line 5992: -V: command not found
configure:5994: $? = 127
configure:6002: checking whether we are using the GNU Fortran 77 compiler
configure:6021:  -c  conftest.F >&5
./configure: line 6022: -c: command not found
configure:6027: $? = 127
configure: failed program was:
|       program main
| #ifndef __GNUC__
|        choke me
| #endif
| 
|       end
configure:6044: result: no
configure:6050: checking whether  accepts -g
configure:6067:  -c -g conftest.f >&5
./configure: line 6068: -c: command not found
configure:6073: $? = 127
configure: failed program was:
|       program main
| 
|       end
configure:6089: result: no
configure:6119: checking the maximum length of command line arguments
configure:6228: result: 32768
configure:6240: checking command to parse /usr/bin/nm -B output from gcc object
configure:6345: gcc -c -g -O2  conftest.c >&5
configure:6348: $? = 0
configure:6352: /usr/bin/nm -B conftest.o \| sed -n -e 's/^.*[ 	]\([ABCDGIRSTW][ABCDGIRSTW]*\)[ 	][ 	]*\([_A-Za-z][_A-Za-z0-9]*\)$/\1 \2 \2/p' \> conftest.nm
configure:6355: $? = 0
configure:6407: gcc -o conftest -g -O2   conftest.c conftstm.o >&5
configure:6410: $? = 0
configure:6448: result: ok
configure:6452: checking for objdir
configure:6467: result: .libs
configure:6559: checking for ar
configure:6575: found /usr/bin/ar
configure:6586: result: ar
configure:6655: checking for ranlib
configure:6671: found /usr/bin/ranlib
configure:6682: result: ranlib
configure:6751: checking for strip
configure:6767: found /usr/bin/strip
configure:6778: result: strip
configure:7015: checking for correct ltmain.sh version
configure:7065: result: yes
configure:7125: checking if gcc supports -fno-rtti -fno-exceptions
configure:7143: gcc -c -g -O2  -fno-rtti -fno-exceptions conftest.c >&5
cc1: warning: command line option "-fno-rtti" is valid for C++/ObjC++ but not for C
configure:7147: $? = 0
configure:7160: result: no
configure:7175: checking for gcc option to produce PIC
configure:7407: result: -fPIC
configure:7415: checking if gcc PIC flag -fPIC works
configure:7433: gcc -c -g -O2  -fPIC -DPIC conftest.c >&5
configure:7437: $? = 0
configure:7450: result: yes
configure:7478: checking if gcc static flag -static works
configure:7506: result: yes
configure:7516: checking if gcc supports -c -o file.o
configure:7537: gcc -c -g -O2  -o out/conftest2.o conftest.c >&5
configure:7541: $? = 0
configure:7563: result: yes
configure:7589: checking whether the gcc linker (/usr/bin/ld -m elf_x86_64) supports shared libraries
configure:8565: result: yes
configure:8586: checking whether -lc should be explicitly linked in
configure:8591: gcc -c -g -O2  conftest.c >&5
configure:8594: $? = 0
configure:8609: gcc -shared conftest.o  -v -Wl,-soname -Wl,conftest -o conftest 2\>\&1 \| grep  -lc  \>/dev/null 2\>\&1
configure:8612: $? = 0
configure:8624: result: no
configure:8632: checking dynamic linker characteristics
configure:9247: result: GNU/Linux ld.so
configure:9256: checking how to hardcode library paths into programs
configure:9281: result: immediate
configure:9295: checking whether stripping libraries is possible
configure:9300: result: yes
configure:10102: checking if libtool supports shared libraries
configure:10104: result: yes
configure:10107: checking whether to build shared libraries
configure:10128: result: yes
configure:10131: checking whether to build static libraries
configure:10135: result: yes
configure:10227: creating libtool
configure:10815: checking for ld used by g++
configure:10882: result: /usr/bin/ld -m elf_x86_64
configure:10891: checking if the linker (/usr/bin/ld -m elf_x86_64) is GNU ld
configure:10906: result: yes
configure:10957: checking whether the g++ linker (/usr/bin/ld -m elf_x86_64) supports shared libraries
configure:11927: result: yes
configure:11945: g++ -c -g -O2  conftest.cpp >&5
configure:11948: $? = 0
configure:12100: checking for g++ option to produce PIC
configure:12384: result: -fPIC
configure:12392: checking if g++ PIC flag -fPIC works
configure:12410: g++ -c -g -O2  -fPIC -DPIC conftest.cpp >&5
configure:12414: $? = 0
configure:12427: result: yes
configure:12455: checking if g++ static flag -static works
configure:12483: result: yes
configure:12493: checking if g++ supports -c -o file.o
configure:12514: g++ -c -g -O2  -o out/conftest2.o conftest.cpp >&5
configure:12518: $? = 0
configure:12540: result: yes
configure:12566: checking whether the g++ linker (/usr/bin/ld -m elf_x86_64) supports shared libraries
configure:12591: result: yes
configure:12658: checking dynamic linker characteristics
configure:13221: result: GNU/Linux ld.so
configure:13230: checking how to hardcode library paths into programs
configure:13255: result: immediate
configure:19443: checking for doxygen
configure:19474: result: NO_DOXYGEN
configure:19539: checking sys/inotify.h usability
configure:19556: gcc -c -g -O2  conftest.c >&5
configure:19562: $? = 0
configure:19576: result: yes
configure:19580: checking sys/inotify.h presence
configure:19595: gcc -E  conftest.c
configure:19601: $? = 0
configure:19615: result: yes
configure:19648: checking for sys/inotify.h
configure:19656: result: yes
configure:19539: checking mcheck.h usability
configure:19556: gcc -c -g -O2  conftest.c >&5
configure:19562: $? = 0
configure:19576: result: yes
configure:19580: checking mcheck.h presence
configure:19595: gcc -E  conftest.c
configure:19601: $? = 0
configure:19615: result: yes
configure:19648: checking for mcheck.h
configure:19656: result: yes
configure:19675: checking whether sys/inotify.h actually works
configure:19706: gcc -o conftest -g -O2   conftest.c  >&5
configure:19709: $? = 0
configure:19715: ./conftest
configure:19718: $? = 0
configure:19720: result: yup
configure:19744: checking for an ANSI C-conforming const
configure:19819: gcc -c -g -O2  conftest.c >&5
configure:19825: $? = 0
configure:19840: result: yes
configure:19850: checking for inline
configure:19876: gcc -c -g -O2  conftest.c >&5
configure:19882: $? = 0
configure:19900: result: inline
configure:20057: creating ./config.status

## ---------------------- ##
## Running config.status. ##
## ---------------------- ##

This file was extended by inotify-tools config.status 3.13, which was
generated by GNU Autoconf 2.61.  Invocation command line was

  CONFIG_FILES    = 
  CONFIG_HEADERS  = 
  CONFIG_LINKS    = 
  CONFIG_COMMANDS = 
  $ ./config.status 

on leviathan

config.status:669: creating Makefile
config.status:669: creating src/Makefile
config.status:669: creating man/Makefile
config.status:669: creating libinotifytools/Makefile
config.status:669: creating libinotifytools/src/Makefile
config.status:669: creating libinotifytools/src/inotifytools/Makefile
config.status:669: creating config.h
config.status:669: creating libinotifytools/src/inotifytools/inotify.h
config.status:940: executing depfiles commands

## ---------------- ##
## Cache variables. ##
## ---------------- ##

ac_cv_build=x86_64-unknown-linux-gnu
ac_cv_c_compiler_gnu=yes
ac_cv_c_const=yes
ac_cv_c_inline=inline
ac_cv_cxx_compiler_gnu=yes
ac_cv_env_CCC_set=
ac_cv_env_CCC_value=
ac_cv_env_CC_set=
ac_cv_env_CC_value=
ac_cv_env_CFLAGS_set=
ac_cv_env_CFLAGS_value=
ac_cv_env_CPPFLAGS_set=
ac_cv_env_CPPFLAGS_value=
ac_cv_env_CPP_set=
ac_cv_env_CPP_value=
ac_cv_env_CXXCPP_set=
ac_cv_env_CXXCPP_value=
ac_cv_env_CXXFLAGS_set=
ac_cv_env_CXXFLAGS_value=
ac_cv_env_CXX_set=
ac_cv_env_CXX_value=
ac_cv_env_F77_set=
ac_cv_env_F77_value=
ac_cv_env_FFLAGS_set=
ac_cv_env_FFLAGS_value=
ac_cv_env_LDFLAGS_set=
ac_cv_env_LDFLAGS_value=
ac_cv_env_LIBS_set=
ac_cv_env_LIBS_value=
ac_cv_env_build_alias_set=
ac_cv_env_build_alias_value=
ac_cv_env_host_alias_set=
ac_cv_env_host_alias_value=
ac_cv_env_target_alias_set=
ac_cv_env_target_alias_value=
ac_cv_f77_compiler_gnu=no
ac_cv_header_dlfcn_h=yes
ac_cv_header_inttypes_h=yes
ac_cv_header_mcheck_h=yes
ac_cv_header_memory_h=yes
ac_cv_header_stdc=yes
ac_cv_header_stdint_h=yes
ac_cv_header_stdlib_h=yes
ac_cv_header_string_h=yes
ac_cv_header_strings_h=yes
ac_cv_header_sys_inotify_h=yes
ac_cv_header_sys_stat_h=yes
ac_cv_header_sys_types_h=yes
ac_cv_header_unistd_h=yes
ac_cv_host=x86_64-unknown-linux-gnu
ac_cv_objext=o
ac_cv_path_DOXYGEN=NO_DOXYGEN
ac_cv_path_EGREP='/bin/grep -E'
ac_cv_path_GREP=/bin/grep
ac_cv_path_install='/usr/bin/install -c'
ac_cv_prog_AWK=mawk
ac_cv_prog_CPP='gcc -E'
ac_cv_prog_CXXCPP='g++ -E'
ac_cv_prog_ac_ct_AR=ar
ac_cv_prog_ac_ct_CC=gcc
ac_cv_prog_ac_ct_CXX=g++
ac_cv_prog_ac_ct_RANLIB=ranlib
ac_cv_prog_ac_ct_STRIP=strip
ac_cv_prog_cc_c89=
ac_cv_prog_cc_g=yes
ac_cv_prog_cxx_g=yes
ac_cv_prog_f77_g=no
ac_cv_prog_make_make_set=yes
am_cv_CC_dependencies_compiler_type=gcc3
am_cv_CXX_dependencies_compiler_type=gcc3
lt_cv_deplibs_check_method=pass_all
lt_cv_file_magic_cmd='$MAGIC_CMD'
lt_cv_file_magic_test_file=
lt_cv_ld_reload_flag=-r
lt_cv_objdir=.libs
lt_cv_path_LD=/usr/bin/ld
lt_cv_path_LDCXX='/usr/bin/ld -m elf_x86_64'
lt_cv_path_NM='/usr/bin/nm -B'
lt_cv_path_SED=/bin/sed
lt_cv_prog_compiler_c_o=yes
lt_cv_prog_compiler_c_o_CXX=yes
lt_cv_prog_compiler_rtti_exceptions=no
lt_cv_prog_gnu_ld=yes
lt_cv_prog_gnu_ldcxx=yes
lt_cv_sys_global_symbol_pipe='sed -n -e '\''s/^.*[ 	]\([ABCDGIRSTW][ABCDGIRSTW]*\)[ 	][ 	]*\([_A-Za-z][_A-Za-z0-9]*\)$/\1 \2 \2/p'\'''
lt_cv_sys_global_symbol_to_c_name_address='sed -n -e '\''s/^: \([^ ]*\) $/  {\"\1\", (lt_ptr) 0},/p'\'' -e '\''s/^[BCDEGRST] \([^ ]*\) \([^ ]*\)$/  {"\2", (lt_ptr) \&\2},/p'\'''
lt_cv_sys_global_symbol_to_cdecl='sed -n -e '\''s/^. .* \(.*\)$/extern int \1;/p'\'''
lt_cv_sys_max_cmd_len=32768
lt_lt_cv_prog_compiler_c_o='"yes"'
lt_lt_cv_prog_compiler_c_o_CXX='"yes"'
lt_lt_cv_sys_global_symbol_pipe='"sed -n -e '\''s/^.*[ 	]\\([ABCDGIRSTW][ABCDGIRSTW]*\\)[ 	][ 	]*\\([_A-Za-z][_A-Za-z0-9]*\\)\$/\\1 \\2 \\2/p'\''"'
lt_lt_cv_sys_global_symbol_to_c_name_address='"sed -n -e '\''s/^: \\([^ ]*\\) \$/  {\\\"\\1\\\", (lt_ptr) 0},/p'\'' -e '\''s/^[BCDEGRST] \\([^ ]*\\) \\([^ ]*\\)\$/  {\"\\2\", (lt_ptr) \\&\\2},/p'\''"'
lt_lt_cv_sys_global_symbol_to_cdecl='"sed -n -e '\''s/^. .* \\(.*\\)\$/extern int \\1;/p'\''"'

## ----------------- ##
## Output variables. ##
## ----------------- ##

ACLOCAL='${SHELL} /home/thothonegan/julie-su/plugins/devhatdropbox/inotify-tools-3.13/missing --run aclocal-1.9'
AMDEPBACKSLASH='\'
AMDEP_FALSE='#'
AMDEP_TRUE=''
AMTAR='${SHELL} /home/thothonegan/julie-su/plugins/devhatdropbox/inotify-tools-3.13/missing --run tar'
AR='ar'
AUTOCONF='${SHELL} /home/thothonegan/julie-su/plugins/devhatdropbox/inotify-tools-3.13/missing --run autoconf'
AUTOHEADER='${SHELL} /home/thothonegan/julie-su/plugins/devhatdropbox/inotify-tools-3.13/missing --run autoheader'
AUTOMAKE='${SHELL} /home/thothonegan/julie-su/plugins/devhatdropbox/inotify-tools-3.13/missing --run automake-1.9'
AWK='mawk'
CC='gcc'
CCDEPMODE='depmode=gcc3'
CFLAGS='-g -O2'
CPP='gcc -E'
CPPFLAGS=''
CXX='g++'
CXXCPP='g++ -E'
CXXDEPMODE='depmode=gcc3'
CXXFLAGS='-g -O2'
CYGPATH_W='echo'
DEFS='-DHAVE_CONFIG_H'
DEPDIR='.deps'
DOXYGEN='NO_DOXYGEN'
DOXYGEN_ENABLE_FALSE=''
DOXYGEN_ENABLE_TRUE='#'
ECHO='echo'
ECHO_C=''
ECHO_N='-n'
ECHO_T=''
EGREP='/bin/grep -E'
EXEEXT=''
F77=''
FFLAGS=''
GREP='/bin/grep'
INSTALL_DATA='${INSTALL} -m 644'
INSTALL_PROGRAM='${INSTALL}'
INSTALL_SCRIPT='${INSTALL}'
INSTALL_STRIP_PROGRAM='${SHELL} $(install_sh) -c -s'
LDFLAGS=''
LIBOBJS=''
LIBS=''
LIBTOOL='$(SHELL) $(top_builddir)/libtool'
LN_S='ln -s'
LTLIBOBJS=''
MAKEINFO='${SHELL} /home/thothonegan/julie-su/plugins/devhatdropbox/inotify-tools-3.13/missing --run makeinfo'
OBJEXT='o'
PACKAGE='inotify-tools'
PACKAGE_BUGREPORT='rohan@mcgovern.id.au'
PACKAGE_NAME='inotify-tools'
PACKAGE_STRING='inotify-tools 3.13'
PACKAGE_TARNAME='inotify-tools'
PACKAGE_VERSION='3.13'
PATH_SEPARATOR=':'
RANLIB='ranlib'
SED='/bin/sed'
SET_MAKE=''
SHELL='/bin/bash'
STRIP='strip'
VERSION='3.13'
ac_ct_CC='gcc'
ac_ct_CXX='g++'
ac_ct_F77=''
am__fastdepCC_FALSE='#'
am__fastdepCC_TRUE=''
am__fastdepCXX_FALSE='#'
am__fastdepCXX_TRUE=''
am__include='include'
am__leading_dot='.'
am__quote=''
am__tar='${AMTAR} chof - "$$tardir"'
am__untar='${AMTAR} xf -'
bindir='${exec_prefix}/bin'
build='x86_64-unknown-linux-gnu'
build_alias=''
build_cpu='x86_64'
build_os='linux-gnu'
build_vendor='unknown'
datadir='${datarootdir}'
datarootdir='${prefix}/share'
docdir='${datarootdir}/doc/${PACKAGE_TARNAME}'
dvidir='${docdir}'
exec_prefix='${prefix}'
host='x86_64-unknown-linux-gnu'
host_alias=''
host_cpu='x86_64'
host_os='linux-gnu'
host_vendor='unknown'
htmldir='${docdir}'
includedir='${prefix}/include'
infodir='${datarootdir}/info'
install_sh='/home/thothonegan/julie-su/plugins/devhatdropbox/inotify-tools-3.13/install-sh'
libdir='${exec_prefix}/lib'
libexecdir='${exec_prefix}/libexec'
localedir='${datarootdir}/locale'
localstatedir='${prefix}/var'
mandir='${datarootdir}/man'
mkdir_p='mkdir -p --'
oldincludedir='/usr/include'
pdfdir='${docdir}'
prefix='/usr/local'
program_transform_name='s,x,x,'
psdir='${docdir}'
sbindir='${exec_prefix}/sbin'
sharedstatedir='${prefix}/com'
sysconfdir='${prefix}/etc'
target_alias=''

## ----------- ##
## confdefs.h. ##
## ----------- ##

#define PACKAGE_NAME "inotify-tools"
#define PACKAGE_TARNAME "inotify-tools"
#define PACKAGE_VERSION "3.13"
#define PACKAGE_STRING "inotify-tools 3.13"
#define PACKAGE_BUGREPORT "rohan@mcgovern.id.au"
#define PACKAGE "inotify-tools"
#define VERSION "3.13"
#define _GNU_SOURCE
#define STDC_HEADERS 1
#define HAVE_SYS_TYPES_H 1
#define HAVE_SYS_STAT_H 1
#define HAVE_STDLIB_H 1
#define HAVE_STRING_H 1
#define HAVE_MEMORY_H 1
#define HAVE_STRINGS_H 1
#define HAVE_INTTYPES_H 1
#define HAVE_STDINT_H 1
#define HAVE_UNISTD_H 1
#define HAVE_DLFCN_H 1
#define HAVE_SYS_INOTIFY_H 1
#define HAVE_MCHECK_H 1
#define SYS_INOTIFY_H_EXISTS_AND_WORKS 1

configure: exit 0
